<?xml version="1.0" encoding="UTF-8"?>
<testsuite xmlns:xsi="http://www.w3.org/2001/XMLSchema-instance" xsi:noNamespaceSchemaLocation="https://maven.apache.org/surefire/maven-surefire-plugin/xsd/surefire-test-report.xsd" name="edu.upf.TwitterFilterTest" time="0.029" tests="3" errors="0" skipped="0" failures="0">
  <properties>
[...]
</properties>
  <testcase name="parseValidTweet" classname="edu.upf.TwitterFilterTest" time="0.015"/>
  <testcase name="parseTweetWithMissingField" classname="edu.upf.TwitterFilterTest" time="0.001"/>
  <testcase name="parseInvalidTweet" classname="edu.upf.TwitterFilterTest" time="0"/>
</testsuite>